<?xml version="1.0" encoding="UTF-8"?>
<!-- Generated by org.testng.reporters.JUnitReportReporter -->
<testsuite hostname="DESKTOP-FQ7RTQQ" failures="0" tests="1" name="test.Demo" time="10.760" errors="0" timestamp="2022-02-25T08:48:30 IST" skipped="0">
  <testcase classname="test.Demo" name="test1" time="10.760"/>
  <system-out/>
</testsuite> <!-- test.Demo -->
