<?xml version="1.0" encoding="UTF-8"?>
<!-- Generated by org.testng.reporters.JUnitReportReporter -->
<testsuite hostname="DESKTOP-FQ7RTQQ" failures="0" tests="1" name="testCase.Demo" time="0.015" errors="0" timestamp="2022-02-26T14:11:18 IST" skipped="0">
  <testcase classname="testCase.Demo" name="test1" time="0.015"/>
  <system-out/>
</testsuite> <!-- testCase.Demo -->
